0 info it worked if it ends with ok
1 verbose cli [ '/home/user/.nvm/versions/node/v5.0.0/bin/node',
1 verbose cli   '/home/user/.nvm/versions/node/v5.0.0/bin/npm',
1 verbose cli   'start' ]
2 info using npm@3.3.6
3 info using node@v5.0.0
4 verbose config Skipping project config: /home/user/.npmrc. (matches userconfig)
5 verbose stack Error: missing script: start
5 verbose stack     at run (/home/user/.nvm/versions/node/v5.0.0/lib/node_modules/npm/lib/run-script.js:148:19)
5 verbose stack     at /home/user/.nvm/versions/node/v5.0.0/lib/node_modules/npm/lib/run-script.js:58:5
5 verbose stack     at /home/user/.nvm/versions/node/v5.0.0/lib/node_modules/npm/node_modules/read-package-json/read-json.js:345:5
5 verbose stack     at checkBinReferences_ (/home/user/.nvm/versions/node/v5.0.0/lib/node_modules/npm/node_modules/read-package-json/read-json.js:309:45)
5 verbose stack     at final (/home/user/.nvm/versions/node/v5.0.0/lib/node_modules/npm/node_modules/read-package-json/read-json.js:343:3)
5 verbose stack     at then (/home/user/.nvm/versions/node/v5.0.0/lib/node_modules/npm/node_modules/read-package-json/read-json.js:113:5)
5 verbose stack     at ReadFileContext.<anonymous> (/home/user/.nvm/versions/node/v5.0.0/lib/node_modules/npm/node_modules/read-package-json/read-json.js:284:20)
5 verbose stack     at ReadFileContext.callback (/home/user/.nvm/versions/node/v5.0.0/lib/node_modules/npm/node_modules/graceful-fs/graceful-fs.js:76:16)
5 verbose stack     at FSReqWrap.readFileAfterOpen [as oncomplete] (fs.js:324:13)
6 verbose cwd /home/user/Education/Praktika/3_module/To-Do list
7 error Linux 5.11.0-41-generic
8 error argv "/home/user/.nvm/versions/node/v5.0.0/bin/node" "/home/user/.nvm/versions/node/v5.0.0/bin/npm" "start"
9 error node v5.0.0
10 error npm  v3.3.6
11 error missing script: start
12 error If you need help, you may report this error at:
12 error     <https://github.com/npm/npm/issues>
13 verbose exit [ 1, true ]
